\BOOKMARK [0][-]{section*.1}{\376\377\000D\000e\000c\000l\000a\000r\000a\000t\000i\000o\000n\000\040\000o\000f\000\040\000A\000u\000t\000h\000o\000r\000s\000h\000i\000p}{}% 1
\BOOKMARK [0][-]{section*.2}{\376\377\000A\000b\000s\000t\000r\000a\000c\000t}{}% 2
\BOOKMARK [0][-]{section*.3}{\376\377\000A\000c\000k\000n\000o\000w\000l\000e\000d\000g\000e\000m\000e\000n\000t\000s}{}% 3
\BOOKMARK [0][-]{chapter.7}{\376\377\0001\000\040\000I\000n\000t\000r\000o\000d\000u\000c\000t\000i\000o\000n}{}% 4
\BOOKMARK [1][-]{section.8}{\376\377\0001\000.\0001\000\040\000L\000a\000m\000i\000n\000a\000t\000e\000d\000\040\000C\000o\000m\000p\000o\000s\000i\000t\000e\000\040\000M\000a\000t\000e\000r\000i\000a\000l}{chapter.7}% 5
\BOOKMARK [1][-]{section.9}{\376\377\0001\000.\0002\000\040\000A\000n\000a\000l\000y\000s\000i\000s\000\040\000o\000f\000\040\000s\000t\000r\000e\000s\000s\000\040\000a\000n\000d\000\040\000s\000t\000r\000a\000i\000n\000\040\000f\000o\000r\000\040\000c\000o\000m\000p\000o\000s\000i\000t\000e\000\040\000m\000a\000t\000e\000r\000i\000a\000l}{chapter.7}% 6
\BOOKMARK [2][-]{subsection.11}{\376\377\0001\000.\0002\000.\0001\000\040\000S\000t\000r\000e\000s\000s\000\040\000a\000n\000d\000\040\000S\000t\000r\000a\000i\000n\000\040\000i\000n\000\040\000a\000\040\000L\000a\000m\000i\000n\000a}{section.9}% 7
\BOOKMARK [2][-]{subsection.18}{\376\377\0001\000.\0002\000.\0002\000\040\000S\000t\000r\000e\000s\000s\000\040\000a\000n\000d\000\040\000S\000t\000r\000a\000i\000n\000\040\000i\000n\000\040\000a\000\040\000L\000a\000m\000i\000n\000a\000t\000e}{section.9}% 8
\BOOKMARK [1][-]{section.21}{\376\377\0001\000.\0003\000\040\000F\000a\000i\000l\000u\000r\000e\000\040\000c\000r\000i\000t\000e\000r\000i\000a}{chapter.7}% 9
\BOOKMARK [2][-]{subsection.23}{\376\377\0001\000.\0003\000.\0001\000\040\000M\000a\000x\000i\000m\000u\000m\000\040\000s\000t\000r\000e\000s\000s\000\040\000f\000a\000i\000l\000u\000r\000e\000\040\000c\000r\000i\000t\000e\000r\000i\000o\000n}{section.21}% 10
\BOOKMARK [2][-]{subsection.24}{\376\377\0001\000.\0003\000.\0002\000\040\000T\000s\000a\000i\000-\000w\000u\000\040\000f\000a\000i\000l\000u\000r\000e\000\040\000c\000r\000i\000t\000e\000r\000i\000o\000n}{section.21}% 11
\BOOKMARK [2][-]{subsection.27}{\376\377\0001\000.\0003\000.\0003\000\040\000S\000a\000f\000e\000t\000y\000\040\000f\000a\000c\000t\000o\000r}{section.21}% 12
\BOOKMARK [1][-]{section.30}{\376\377\0001\000.\0004\000\040\000S\000u\000m\000m\000a\000r\000y}{chapter.7}% 13
\BOOKMARK [0][-]{chapter.31}{\376\377\0002\000\040\000A\000\040\000N\000e\000w\000\040\000G\000e\000n\000e\000t\000i\000c\000\040\000A\000l\000g\000o\000r\000i\000t\000h\000m\000\040\000M\000o\000d\000e\000l\000\040\000f\000o\000r\000\040\000C\000o\000n\000s\000t\000r\000a\000i\000n\000e\000d\000\040\000P\000r\000o\000b\000l\000e\000m}{}% 14
\BOOKMARK [1][-]{section.32}{\376\377\0002\000.\0001\000\040\000G\000e\000n\000e\000t\000i\000c\000\040\000A\000l\000g\000o\000r\000i\000t\000h\000m\000\040\000F\000r\000a\000m\000e\000w\000o\000r\000k}{chapter.31}% 15
\BOOKMARK [1][-]{section.34}{\376\377\0002\000.\0002\000\040\000C\000o\000n\000s\000t\000r\000a\000i\000n\000e\000d\000\040\000P\000r\000o\000b\000l\000e\000m\000\040\000O\000p\000t\000i\000m\000i\000z\000a\000t\000i\000o\000n}{chapter.31}% 16
\BOOKMARK [1][-]{section.35}{\376\377\0002\000.\0003\000\040\000A\000\040\000N\000e\000w\000\040\000G\000e\000n\000e\000t\000i\000c\000\040\000A\000l\000g\000o\000r\000i\000t\000h\000m\000\040\000M\000o\000d\000e\000l}{chapter.31}% 17
\BOOKMARK [2][-]{subsection.37}{\376\377\0002\000.\0003\000.\0001\000\040\000C\000l\000a\000s\000s\000i\000f\000i\000c\000a\000t\000i\000o\000n}{section.35}% 18
\BOOKMARK [2][-]{subsection.38}{\376\377\0002\000.\0003\000.\0002\000\040\000S\000e\000l\000e\000c\000t\000i\000o\000n}{section.35}% 19
\BOOKMARK [2][-]{subsection.39}{\376\377\0002\000.\0003\000.\0003\000\040\000C\000r\000o\000s\000s\000o\000v\000e\000r}{section.35}% 20
\BOOKMARK [2][-]{subsection.40}{\376\377\0002\000.\0003\000.\0004\000\040\000M\000u\000t\000a\000t\000i\000o\000n}{section.35}% 21
\BOOKMARK [1][-]{section.41}{\376\377\0002\000.\0004\000\040\000S\000u\000m\000m\000a\000r\000y}{chapter.31}% 22
\BOOKMARK [0][-]{chapter.42}{\376\377\0003\000\040\000T\000h\000e\000\040\000A\000p\000p\000l\000i\000c\000a\000t\000i\000o\000n\000\040\000o\000f\000\040\000N\000e\000w\000\040\000G\000e\000n\000e\000t\000i\000c\000\040\000A\000l\000g\000o\000r\000i\000t\000h\000m\000\040\000M\000o\000d\000e\000l\000\040\000i\000n\000\040\000t\000h\000e\000\040\000D\000e\000s\000i\000g\000n\000\040\000o\000f\000\040\000C\000o\000m\000p\000o\000s\000i\000t\000e\000\040\000M\000a\000t\000e\000r\000i\000a\000l}{}% 23
\BOOKMARK [1][-]{section.43}{\376\377\0003\000.\0001\000\040\000C\000a\000s\000e\0001\000:\000\040\000D\000e\000s\000i\000g\000n\000\040\000o\000f\000\040\000c\000r\000o\000s\000s\000-\000p\000l\000y\000\040\000L\000a\000m\000i\000n\000a\000t\000e}{chapter.42}% 24
\BOOKMARK [2][-]{subsection.44}{\376\377\0003\000.\0001\000.\0001\000\040\000M\000e\000t\000h\000o\000d\000o\000l\000o\000g\000y}{section.43}% 25
\BOOKMARK [2][-]{subsection.45}{\376\377\0003\000.\0001\000.\0002\000\040\000E\000x\000p\000e\000r\000i\000m\000e\000n\000t}{section.43}% 26
\BOOKMARK [3][-]{section*.46}{\376\377\000P\000r\000o\000b\000l\000e\000m\000\040\000f\000o\000r\000m\000u\000l\000a\000t\000i\000o\000n}{subsection.45}% 27
\BOOKMARK [3][-]{section*.47}{\376\377\000G\000A\000\040\000O\000p\000e\000r\000a\000t\000i\000o\000n}{subsection.45}% 28
\BOOKMARK [3][-]{section*.49}{\376\377\000G\000A\000\040\000P\000a\000r\000a\000m\000e\000t\000e\000r\000s}{subsection.45}% 29
\BOOKMARK [2][-]{subsection.52}{\376\377\0003\000.\0001\000.\0003\000\040\000N\000u\000m\000e\000r\000i\000c\000a\000l\000\040\000R\000e\000s\000u\000l\000t\000s\000\040\000a\000n\000d\000\040\000D\000i\000s\000c\000u\000s\000s\000i\000o\000n}{section.43}% 30
\BOOKMARK [2][-]{subsection.57}{\376\377\0003\000.\0001\000.\0004\000\040\000c\000o\000n\000c\000l\000u\000s\000i\000o\000n\000s}{section.43}% 31
\BOOKMARK [1][-]{section.58}{\376\377\0003\000.\0002\000\040\000C\000a\000s\000e\0002\000:\000\040\000M\000i\000n\000i\000m\000u\000m\000\040\000T\000h\000i\000c\000k\000n\000e\000s\000s\000\040\000O\000p\000t\000i\000m\000i\000z\000a\000t\000i\000o\000n}{chapter.42}% 32
\BOOKMARK [2][-]{subsection.60}{\376\377\0003\000.\0002\000.\0001\000\040\000E\000x\000p\000e\000r\000i\000m\000e\000n\000t}{section.58}% 33
\BOOKMARK [3][-]{section*.61}{\376\377\000P\000r\000o\000b\000l\000e\000m\000\040\000F\000o\000r\000m\000u\000l\000a\000t\000i\000o\000n}{subsection.60}% 34
\BOOKMARK [3][-]{section*.63}{\376\377\000G\000A\000\040\000O\000p\000e\000r\000a\000t\000i\000o\000n}{subsection.60}% 35
\BOOKMARK [2][-]{subsection.68}{\376\377\0003\000.\0002\000.\0002\000\040\000N\000u\000m\000e\000r\000i\000c\000a\000l\000\040\000R\000e\000s\000u\000l\000t\000s\000\040\000a\000n\000d\000\040\000D\000i\000s\000c\000u\000s\000s\000i\000o\000n}{section.58}% 36
\BOOKMARK [2][-]{subsection.74}{\376\377\0003\000.\0002\000.\0003\000\040\000C\000o\000n\000c\000l\000u\000s\000i\000o\000n}{section.58}% 37
\BOOKMARK [0][-]{chapter.75}{\376\377\0004\000\040\000T\000h\000e\000\040\000A\000p\000p\000l\000i\000c\000a\000t\000i\000o\000n\000\040\000o\000f\000\040\000A\000r\000t\000i\000f\000i\000c\000i\000a\000l\000\040\000N\000e\000u\000r\000a\000l\000\040\000N\000e\000t\000w\000o\000r\000k\000\040\000i\000n\000\040\000C\000o\000m\000p\000o\000s\000i\000t\000e\000\040\000M\000a\000t\000e\000r\000i\000a\000l}{}% 38
\BOOKMARK [1][-]{section.76}{\376\377\0004\000.\0001\000\040\000I\000n\000t\000r\000o\000d\000u\000c\000t\000i\000o\000n}{chapter.75}% 39
\BOOKMARK [1][-]{section.77}{\376\377\0004\000.\0002\000\040\000E\000v\000o\000l\000u\000t\000i\000o\000n\000a\000r\000y\000\040\000A\000r\000t\000i\000f\000i\000c\000i\000a\000l\000\040\000N\000e\000u\000r\000a\000l\000\040\000N\000e\000t\000w\000o\000r\000k}{chapter.75}% 40
\BOOKMARK [2][-]{subsection.79}{\376\377\0004\000.\0002\000.\0001\000\040\000G\000e\000n\000e\000r\000a\000l\000\040\000n\000e\000u\000r\000a\000l\000\040\000n\000e\000t\000w\000o\000r\000k}{section.77}% 41
\BOOKMARK [2][-]{subsection.81}{\376\377\0004\000.\0002\000.\0002\000\040\000A\000c\000t\000i\000v\000a\000t\000i\000o\000n\000\040\000f\000u\000n\000c\000t\000i\000o\000n}{section.77}% 42
\BOOKMARK [2][-]{subsection.84}{\376\377\0004\000.\0002\000.\0003\000\040\000W\000e\000i\000g\000h\000t\000s\000\040\000l\000e\000a\000r\000n\000i\000n\000g}{section.77}% 43
\BOOKMARK [1][-]{section.85}{\376\377\0004\000.\0003\000\040\000M\000e\000t\000h\000o\000d\000o\000l\000o\000g\000y}{chapter.75}% 44
\BOOKMARK [2][-]{subsection.89}{\376\377\0004\000.\0003\000.\0001\000\040\000S\000e\000a\000r\000c\000h\000\040\000S\000p\000a\000c\000e}{section.85}% 45
\BOOKMARK [2][-]{subsection.90}{\376\377\0004\000.\0003\000.\0002\000\040\000S\000e\000a\000r\000c\000h\000\040\000S\000t\000r\000a\000t\000e\000g\000y}{section.85}% 46
\BOOKMARK [2][-]{subsection.91}{\376\377\0004\000.\0003\000.\0003\000\040\000P\000e\000r\000f\000o\000r\000m\000a\000n\000c\000e\000\040\000e\000s\000t\000i\000m\000a\000t\000i\000o\000n\000\040\000s\000t\000r\000a\000t\000e\000g\000y}{section.85}% 47
\BOOKMARK [1][-]{section.92}{\376\377\0004\000.\0004\000\040\000E\000x\000p\000e\000r\000i\000m\000e\000n\000t}{chapter.75}% 48
\BOOKMARK [2][-]{subsection.93}{\376\377\0004\000.\0004\000.\0001\000\040\000D\000a\000t\000a\000s\000e\000t\000\040\000P\000r\000e\000p\000a\000r\000a\000t\000i\000o\000n}{section.92}% 49
\BOOKMARK [2][-]{subsection.95}{\376\377\0004\000.\0004\000.\0002\000\040\000A\000N\000N\000\040\000t\000r\000a\000i\000n\000i\000n\000g\000\040\000a\000n\000d\000\040\000v\000a\000l\000i\000d\000a\000t\000i\000o\000n}{section.92}% 50
\BOOKMARK [2][-]{subsection.96}{\376\377\0004\000.\0004\000.\0003\000\040\000G\000e\000n\000e\000t\000i\000c\000\040\000a\000l\000g\000o\000r\000i\000t\000h\000m}{section.92}% 51
\BOOKMARK [0][-]{chapter.98}{\376\377\0005\000\040\000C\000o\000n\000c\000l\000u\000s\000i\000o\000n}{}% 52
\BOOKMARK [0][-]{chapter*.99}{\376\377\000B\000i\000b\000l\000i\000o\000g\000r\000a\000p\000h\000y}{}% 53
