\BOOKMARK [1][-]{section.1}{Introduction}{}% 1
\BOOKMARK [1][-]{section.2}{Classic Lamination Theory}{}% 2
\BOOKMARK [2][-]{subsection.2.1}{Stress and Strain in a Lamina}{section.2}% 3
\BOOKMARK [2][-]{subsection.2.2}{Stress and Strain in a Laminate}{section.2}% 4
\BOOKMARK [1][-]{section.3}{Failure criteria for a lamina}{}% 5
\BOOKMARK [2][-]{subsection.3.1}{Maximum stress failure criterion}{section.3}% 6
\BOOKMARK [2][-]{subsection.3.2}{Tsai-wu failure criterion}{section.3}% 7
\BOOKMARK [2][-]{subsection.3.3}{Failure Theories for a Laminate}{section.3}% 8
\BOOKMARK [2][-]{subsection.3.4}{Safety factor}{section.3}% 9
\BOOKMARK [1][-]{section.4}{Artificial Neural Network}{}% 10
\BOOKMARK [2][-]{subsection.4.1}{General neural network}{section.4}% 11
\BOOKMARK [2][-]{subsection.4.2}{Transfer function}{section.4}% 12
\BOOKMARK [1][-]{section.5}{Methodology}{}% 13
\BOOKMARK [2][-]{subsection.5.1}{Search Space}{section.5}% 14
\BOOKMARK [2][-]{subsection.5.2}{Search Strategy}{section.5}% 15
\BOOKMARK [2][-]{subsection.5.3}{Performance estimation}{section.5}% 16
\BOOKMARK [1][-]{section.6}{Experiment}{}% 17
\BOOKMARK [2][-]{subsection.6.1}{Dataset Preparation}{section.6}% 18
\BOOKMARK [1][-]{section.7}{Result and Discussion}{}% 19
\BOOKMARK [1][-]{section.8}{Conclusion}{}% 20
\BOOKMARK [1][-]{section.9}{Acknowledgment}{}% 21
