\BOOKMARK [1][-]{section.1}{Introduction}{}% 1
\BOOKMARK [1][-]{section.2}{Classic lamination theory and Failure theory}{}% 2
\BOOKMARK [2][-]{subsection.2.1}{Classic Lamination Theory}{section.2}% 3
\BOOKMARK [3][-]{subsubsection.2.1.1}{Stress and Strain in a Lamina}{subsection.2.1}% 4
\BOOKMARK [3][-]{subsubsection.2.1.2}{Stress and Strain in a Laminate}{subsection.2.1}% 5
\BOOKMARK [2][-]{subsection.2.2}{Failure criteria for a lamina}{section.2}% 6
\BOOKMARK [3][-]{subsubsection.2.2.1}{Maximum stress failure criterion}{subsection.2.2}% 7
\BOOKMARK [3][-]{subsubsection.2.2.2}{Tsai-wu failure criterion}{subsection.2.2}% 8
\BOOKMARK [3][-]{subsubsection.2.2.3}{Strength ratio}{subsection.2.2}% 9
\BOOKMARK [1][-]{section.3}{Evolutionary Artificial Neural Network}{}% 10
\BOOKMARK [2][-]{subsection.3.1}{General neural network}{section.3}% 11
\BOOKMARK [2][-]{subsection.3.2}{Transfer function}{section.3}% 12
\BOOKMARK [2][-]{subsection.3.3}{Weights learning}{section.3}% 13
\BOOKMARK [1][-]{section.4}{Methodology}{}% 14
\BOOKMARK [2][-]{subsection.4.1}{Search Space}{section.4}% 15
\BOOKMARK [2][-]{subsection.4.2}{Search Strategy}{section.4}% 16
\BOOKMARK [2][-]{subsection.4.3}{Performance estimation strategy}{section.4}% 17
\BOOKMARK [1][-]{section.5}{Experiment}{}% 18
\BOOKMARK [2][-]{subsection.5.1}{Dataset Preparation}{section.5}% 19
\BOOKMARK [1][-]{section.6}{Result and Discussion}{}% 20
\BOOKMARK [1][-]{section.7}{Conclusion}{}% 21
\BOOKMARK [1][-]{section.8}{Acknowledgment}{}% 22
